{"C:\\Users\\alfa18\\Desktop\\JS\\test-ci at ajs8\\healthStatus.js": {"path":"C:\\Users\\alfa18\\Desktop\\JS\\test-ci at ajs8\\healthStatus.js","statementMap":{"0":{"start":{"line":9,"column":21},"end":{"line":9,"column":30}},"1":{"start":{"line":11,"column":2},"end":{"line":18,"column":3}},"2":{"start":{"line":12,"column":4},"end":{"line":12,"column":21}},"3":{"start":{"line":13,"column":9},"end":{"line":18,"column":3}},"4":{"start":{"line":14,"column":4},"end":{"line":14,"column":21}},"5":{"start":{"line":17,"column":4},"end":{"line":17,"column":22}},"6":{"start":{"line":21,"column":0},"end":{"line":21,"column":33}}},"fnMap":{"0":{"name":"getHealthStatus","decl":{"start":{"line":8,"column":9},"end":{"line":8,"column":24}},"loc":{"start":{"line":8,"column":36},"end":{"line":19,"column":1}},"line":8}},"branchMap":{"0":{"loc":{"start":{"line":11,"column":2},"end":{"line":18,"column":3}},"type":"if","locations":[{"start":{"line":11,"column":2},"end":{"line":18,"column":3}},{"start":{"line":13,"column":9},"end":{"line":18,"column":3}}],"line":11},"1":{"loc":{"start":{"line":13,"column":9},"end":{"line":18,"column":3}},"type":"if","locations":[{"start":{"line":13,"column":9},"end":{"line":18,"column":3}},{"start":{"line":15,"column":9},"end":{"line":18,"column":3}}],"line":13},"2":{"loc":{"start":{"line":13,"column":13},"end":{"line":13,"column":41}},"type":"binary-expr","locations":[{"start":{"line":13,"column":13},"end":{"line":13,"column":25}},{"start":{"line":13,"column":29},"end":{"line":13,"column":41}}],"line":13}},"s":{"0":6,"1":6,"2":2,"3":4,"4":2,"5":2,"6":1},"f":{"0":6},"b":{"0":[2,4],"1":[2,2],"2":[4,2]},"_coverageSchema":"1a1c01bbd47fc00a2c39e90264f33305004495a9","hash":"7d838cdcf860c196b7c03934939e2cc0265769d2"}
,"C:\\Users\\alfa18\\Desktop\\JS\\test-ci at ajs8\\sortHeroes.js": {"path":"C:\\Users\\alfa18\\Desktop\\JS\\test-ci at ajs8\\sortHeroes.js","statementMap":{"0":{"start":{"line":8,"column":2},"end":{"line":8,"column":60}},"1":{"start":{"line":8,"column":39},"end":{"line":8,"column":58}},"2":{"start":{"line":11,"column":0},"end":{"line":11,"column":36}}},"fnMap":{"0":{"name":"sortHeroesByHealth","decl":{"start":{"line":6,"column":9},"end":{"line":6,"column":27}},"loc":{"start":{"line":6,"column":36},"end":{"line":9,"column":1}},"line":6},"1":{"name":"(anonymous_1)","decl":{"start":{"line":8,"column":29},"end":{"line":8,"column":30}},"loc":{"start":{"line":8,"column":39},"end":{"line":8,"column":58}},"line":8}},"branchMap":{},"s":{"0":4,"1":8,"2":1},"f":{"0":4,"1":8},"b":{},"_coverageSchema":"1a1c01bbd47fc00a2c39e90264f33305004495a9","hash":"aad0b6ba9e1208d369f0af1003e3223683b79723"}
}
